<?xml version="1.0" encoding="UTF-8"?>
<testng-results skipped="0" failed="0" total="2" passed="2">
  <reporter-output>
  </reporter-output>
  <suite name="Default suite" duration-ms="14871" started-at="2020-05-03T19:08:53Z" finished-at="2020-05-03T19:09:08Z">
    <groups>
    </groups>
    <test name="Default test" duration-ms="14871" started-at="2020-05-03T19:08:53Z" finished-at="2020-05-03T19:09:08Z">
      <class name="com.automation.tests.Test002_VerifyRegistration">
        <test-method status="PASS" signature="setup()[pri:0, instance:com.automation.tests.Test002_VerifyRegistration@18be83e4]" name="setup" is-config="true" duration-ms="6870" started-at="2020-05-03T19:08:53Z" finished-at="2020-05-03T19:09:00Z">
        </test-method>
        <test-method status="PASS" signature="VerifyRegistration()[pri:0, instance:com.automation.tests.Test002_VerifyRegistration@18be83e4]" name="VerifyRegistration" duration-ms="610" started-at="2020-05-03T19:09:00Z" finished-at="2020-05-03T19:09:00Z">
        </test-method>
        <test-method status="PASS" signature="endTest()[pri:0, instance:com.automation.tests.Test002_VerifyRegistration@18be83e4]" name="endTest" is-config="true" duration-ms="622" started-at="2020-05-03T19:09:00Z" finished-at="2020-05-03T19:09:01Z">
        </test-method>
      </class>
      <class name="com.automation.tests.Test001_VerifyLogin">
        <test-method status="PASS" signature="setup()[pri:0, instance:com.automation.tests.Test001_VerifyLogin@cb5822]" name="setup" is-config="true" duration-ms="5516" started-at="2020-05-03T19:09:01Z" finished-at="2020-05-03T19:09:07Z">
        </test-method>
        <test-method status="PASS" signature="VerifyLogin()[pri:0, instance:com.automation.tests.Test001_VerifyLogin@cb5822]" name="VerifyLogin" duration-ms="610" started-at="2020-05-03T19:09:07Z" finished-at="2020-05-03T19:09:07Z">
        </test-method>
        <test-method status="PASS" signature="endTest()[pri:0, instance:com.automation.tests.Test001_VerifyLogin@cb5822]" name="endTest" is-config="true" duration-ms="628" started-at="2020-05-03T19:09:07Z" finished-at="2020-05-03T19:09:08Z">
        </test-method>
      </class>
    </test>
  </suite>
</testng-results>
